<?xml version="1.0" encoding="UTF-8"?>
<coverage generated="1537806693671" clover="3.2.0">
  <project timestamp="1537806693671" name="All files">
    <metrics statements="46" coveredstatements="37" conditionals="30" coveredconditionals="22" methods="22" coveredmethods="15" elements="98" coveredelements="74" complexity="0" loc="46" ncloc="46" packages="2" files="6" classes="6">
      <package name="components">
        <metrics statements="45" coveredstatements="36" conditionals="30" coveredconditionals="22" methods="22" coveredmethods="15"/>
        <file name="Arrow.js" path="/Users/itmk1/Documents/react_slider_component/src/components/Arrow.js">
          <metrics statements="5" coveredstatements="5" conditionals="4" coveredconditionals="4" methods="1" coveredmethods="1"/>
          <line num="7" count="2" type="stmt"/>
          <line num="8" count="10" type="stmt"/>
          <line num="22" count="2" type="stmt"/>
          <line num="24" count="2" type="stmt"/>
          <line num="29" count="2" type="stmt"/>
        </file>
        <file name="Icon.js" path="/Users/itmk1/Documents/react_slider_component/src/components/Icon.js">
          <metrics statements="4" coveredstatements="4" conditionals="0" coveredconditionals="0" methods="1" coveredmethods="1"/>
          <line num="7" count="3" type="stmt"/>
          <line num="8" count="11" type="stmt"/>
          <line num="13" count="3" type="stmt"/>
          <line num="15" count="3" type="stmt"/>
        </file>
        <file name="PagerDot.js" path="/Users/itmk1/Documents/react_slider_component/src/components/PagerDot.js">
          <metrics statements="5" coveredstatements="5" conditionals="4" coveredconditionals="4" methods="2" coveredmethods="2"/>
          <line num="6" count="2" type="stmt"/>
          <line num="11" count="14" type="stmt"/>
          <line num="14" count="1" type="stmt"/>
          <line num="21" count="2" type="stmt"/>
          <line num="23" count="2" type="stmt"/>
        </file>
        <file name="Slide.js" path="/Users/itmk1/Documents/react_slider_component/src/components/Slide.js">
          <metrics statements="5" coveredstatements="5" conditionals="2" coveredconditionals="2" methods="1" coveredmethods="1"/>
          <line num="6" count="2" type="stmt"/>
          <line num="7" count="13" type="stmt"/>
          <line num="14" count="2" type="stmt"/>
          <line num="16" count="2" type="stmt"/>
          <line num="22" count="2" type="stmt"/>
        </file>
        <file name="Slider.js" path="/Users/itmk1/Documents/react_slider_component/src/components/Slider.js">
          <metrics statements="26" coveredstatements="17" conditionals="20" coveredconditionals="12" methods="17" coveredmethods="10"/>
          <line num="11" count="7" type="stmt"/>
          <line num="13" count="7" type="stmt"/>
          <line num="34" count="7" type="stmt"/>
          <line num="38" count="0" type="stmt"/>
          <line num="42" count="1" type="stmt"/>
          <line num="44" count="1" type="stmt"/>
          <line num="54" count="1" type="stmt"/>
          <line num="56" count="1" type="stmt"/>
          <line num="63" count="0" type="cond" truecount="0" falsecount="2"/>
          <line num="65" count="0" type="stmt"/>
          <line num="73" count="0" type="stmt"/>
          <line num="75" count="0" type="stmt"/>
          <line num="79" count="0" type="stmt"/>
          <line num="85" count="11" type="stmt"/>
          <line num="91" count="11" type="stmt"/>
          <line num="92" count="63" type="stmt"/>
          <line num="93" count="11" type="cond" truecount="1" falsecount="1"/>
          <line num="95" count="11" type="cond" truecount="2" falsecount="0"/>
          <line num="103" count="33" type="stmt"/>
          <line num="108" count="0" type="stmt"/>
          <line num="109" count="0" type="stmt"/>
          <line num="116" count="30" type="stmt"/>
          <line num="120" count="0" type="stmt"/>
          <line num="130" count="1" type="stmt"/>
          <line num="132" count="1" type="stmt"/>
          <line num="139" count="1" type="stmt"/>
        </file>
      </package>
      <package name="config">
        <metrics statements="1" coveredstatements="1" conditionals="0" coveredconditionals="0" methods="0" coveredmethods="0"/>
        <file name="enzyme.config.js" path="/Users/itmk1/Documents/react_slider_component/src/config/enzyme.config.js">
          <metrics statements="1" coveredstatements="1" conditionals="0" coveredconditionals="0" methods="0" coveredmethods="0"/>
          <line num="4" count="5" type="stmt"/>
        </file>
      </package>
    </metrics>
  </project>
</coverage>
