{"/Users/itmk1/Documents/react_slider_component/src/components/Arrow.js": {"path":"/Users/itmk1/Documents/react_slider_component/src/components/Arrow.js","statementMap":{"0":{"start":{"line":7,"column":14},"end":{"line":20,"column":1}},"1":{"start":{"line":8,"column":2},"end":{"line":19,"column":11}},"2":{"start":{"line":22,"column":0},"end":{"line":22,"column":28}},"3":{"start":{"line":24,"column":0},"end":{"line":27,"column":2}},"4":{"start":{"line":29,"column":0},"end":{"line":31,"column":2}}},"fnMap":{"0":{"name":"(anonymous_0)","decl":{"start":{"line":7,"column":14},"end":{"line":7,"column":15}},"loc":{"start":{"line":8,"column":2},"end":{"line":19,"column":11}},"line":8}},"branchMap":{"0":{"loc":{"start":{"line":10,"column":23},"end":{"line":10,"column":98}},"type":"cond-expr","locations":[{"start":{"line":10,"column":52},"end":{"line":10,"column":73}},{"start":{"line":10,"column":76},"end":{"line":10,"column":98}}],"line":10},"1":{"loc":{"start":{"line":16,"column":5},"end":{"line":18,"column":29}},"type":"cond-expr","locations":[{"start":{"line":17,"column":8},"end":{"line":17,"column":28}},{"start":{"line":18,"column":8},"end":{"line":18,"column":29}}],"line":16}},"s":{"0":2,"1":10,"2":2,"3":2,"4":2},"f":{"0":10},"b":{"0":[5,5],"1":[5,5]},"_coverageSchema":"332fd63041d2c1bcb487cc26dd0d5f7d97098a6c","hash":"2ef320e59463ecefd723ad6d02e482b6a09d4352"}
,"/Users/itmk1/Documents/react_slider_component/src/components/Icon.js": {"path":"/Users/itmk1/Documents/react_slider_component/src/components/Icon.js","statementMap":{"0":{"start":{"line":7,"column":13},"end":{"line":11,"column":1}},"1":{"start":{"line":8,"column":2},"end":{"line":10,"column":8}},"2":{"start":{"line":13,"column":0},"end":{"line":13,"column":26}},"3":{"start":{"line":15,"column":0},"end":{"line":17,"column":2}}},"fnMap":{"0":{"name":"(anonymous_0)","decl":{"start":{"line":7,"column":13},"end":{"line":7,"column":14}},"loc":{"start":{"line":8,"column":2},"end":{"line":10,"column":8}},"line":8}},"branchMap":{},"s":{"0":3,"1":11,"2":3,"3":3},"f":{"0":11},"b":{},"_coverageSchema":"332fd63041d2c1bcb487cc26dd0d5f7d97098a6c","hash":"4d4958cad33d2e18d1ab2fc20f0ff940f529e5ef"}
,"/Users/itmk1/Documents/react_slider_component/src/components/PagerDot.js": {"path":"/Users/itmk1/Documents/react_slider_component/src/components/PagerDot.js","statementMap":{"0":{"start":{"line":6,"column":17},"end":{"line":19,"column":1}},"1":{"start":{"line":11,"column":2},"end":{"line":18,"column":11}},"2":{"start":{"line":14,"column":21},"end":{"line":14,"column":31}},"3":{"start":{"line":21,"column":0},"end":{"line":21,"column":34}},"4":{"start":{"line":23,"column":0},"end":{"line":27,"column":2}}},"fnMap":{"0":{"name":"(anonymous_0)","decl":{"start":{"line":6,"column":17},"end":{"line":6,"column":18}},"loc":{"start":{"line":11,"column":2},"end":{"line":18,"column":11}},"line":11},"1":{"name":"(anonymous_1)","decl":{"start":{"line":14,"column":13},"end":{"line":14,"column":14}},"loc":{"start":{"line":14,"column":19},"end":{"line":14,"column":33}},"line":14}},"branchMap":{"0":{"loc":{"start":{"line":13,"column":29},"end":{"line":13,"column":69}},"type":"cond-expr","locations":[{"start":{"line":13,"column":44},"end":{"line":13,"column":64}},{"start":{"line":13,"column":67},"end":{"line":13,"column":69}}],"line":13},"1":{"loc":{"start":{"line":15,"column":14},"end":{"line":15,"column":39}},"type":"cond-expr","locations":[{"start":{"line":15,"column":29},"end":{"line":15,"column":33}},{"start":{"line":15,"column":36},"end":{"line":15,"column":39}}],"line":15}},"s":{"0":2,"1":14,"2":1,"3":2,"4":2},"f":{"0":14,"1":1},"b":{"0":[5,9],"1":[5,9]},"_coverageSchema":"332fd63041d2c1bcb487cc26dd0d5f7d97098a6c","hash":"d1e5328091247967eb042d7d25d5f8ecfa2663a4"}
,"/Users/itmk1/Documents/react_slider_component/src/components/Slide.js": {"path":"/Users/itmk1/Documents/react_slider_component/src/components/Slide.js","statementMap":{"0":{"start":{"line":6,"column":14},"end":{"line":12,"column":1}},"1":{"start":{"line":7,"column":2},"end":{"line":11,"column":4}},"2":{"start":{"line":14,"column":0},"end":{"line":14,"column":28}},"3":{"start":{"line":16,"column":0},"end":{"line":20,"column":2}},"4":{"start":{"line":22,"column":0},"end":{"line":24,"column":2}}},"fnMap":{"0":{"name":"(anonymous_0)","decl":{"start":{"line":6,"column":14},"end":{"line":6,"column":15}},"loc":{"start":{"line":7,"column":2},"end":{"line":11,"column":4}},"line":7}},"branchMap":{"0":{"loc":{"start":{"line":8,"column":32},"end":{"line":8,"column":81}},"type":"cond-expr","locations":[{"start":{"line":8,"column":53},"end":{"line":8,"column":76}},{"start":{"line":8,"column":79},"end":{"line":8,"column":81}}],"line":8}},"s":{"0":2,"1":13,"2":2,"3":2,"4":2},"f":{"0":13},"b":{"0":[4,9]},"_coverageSchema":"332fd63041d2c1bcb487cc26dd0d5f7d97098a6c","hash":"3c2bcc1496f53c60b2bdde82f53165f4c3b568d7"}
,"/Users/itmk1/Documents/react_slider_component/src/components/Slider.js": {"path":"/Users/itmk1/Documents/react_slider_component/src/components/Slider.js","statementMap":{"0":{"start":{"line":11,"column":4},"end":{"line":11,"column":17}},"1":{"start":{"line":13,"column":4},"end":{"line":30,"column":6}},"2":{"start":{"line":34,"column":4},"end":{"line":34,"column":67}},"3":{"start":{"line":38,"column":4},"end":{"line":38,"column":70}},"4":{"start":{"line":42,"column":35},"end":{"line":42,"column":64}},"5":{"start":{"line":44,"column":4},"end":{"line":50,"column":8}},"6":{"start":{"line":44,"column":32},"end":{"line":50,"column":5}},"7":{"start":{"line":54,"column":34},"end":{"line":54,"column":90}},"8":{"start":{"line":56,"column":4},"end":{"line":59,"column":8}},"9":{"start":{"line":56,"column":32},"end":{"line":59,"column":5}},"10":{"start":{"line":63,"column":27},"end":{"line":63,"column":76}},"11":{"start":{"line":65,"column":4},"end":{"line":68,"column":7}},"12":{"start":{"line":73,"column":6},"end":{"line":73,"column":87}},"13":{"start":{"line":75,"column":4},"end":{"line":75,"column":26}},"14":{"start":{"line":79,"column":4},"end":{"line":81,"column":7}},"15":{"start":{"line":85,"column":53},"end":{"line":85,"column":63}},"16":{"start":{"line":91,"column":8},"end":{"line":91,"column":18}},"17":{"start":{"line":92,"column":27},"end":{"line":92,"column":60}},"18":{"start":{"line":92,"column":37},"end":{"line":92,"column":59}},"19":{"start":{"line":93,"column":30},"end":{"line":93,"column":78}},"20":{"start":{"line":95,"column":4},"end":{"line":126,"column":13}},"21":{"start":{"line":103,"column":12},"end":{"line":103,"column":96}},"22":{"start":{"line":108,"column":36},"end":{"line":108,"column":57}},"23":{"start":{"line":109,"column":54},"end":{"line":109,"column":75}},"24":{"start":{"line":116,"column":14},"end":{"line":121,"column":16}},"25":{"start":{"line":120,"column":33},"end":{"line":120,"column":59}},"26":{"start":{"line":130,"column":0},"end":{"line":130,"column":30}},"27":{"start":{"line":132,"column":0},"end":{"line":137,"column":2}},"28":{"start":{"line":139,"column":0},"end":{"line":144,"column":2}}},"fnMap":{"0":{"name":"(anonymous_0)","decl":{"start":{"line":10,"column":2},"end":{"line":10,"column":3}},"loc":{"start":{"line":10,"column":21},"end":{"line":31,"column":3}},"line":10},"1":{"name":"(anonymous_1)","decl":{"start":{"line":33,"column":2},"end":{"line":33,"column":3}},"loc":{"start":{"line":33,"column":22},"end":{"line":35,"column":3}},"line":33},"2":{"name":"(anonymous_2)","decl":{"start":{"line":37,"column":2},"end":{"line":37,"column":3}},"loc":{"start":{"line":37,"column":25},"end":{"line":39,"column":3}},"line":37},"3":{"name":"(anonymous_3)","decl":{"start":{"line":41,"column":18},"end":{"line":41,"column":19}},"loc":{"start":{"line":41,"column":24},"end":{"line":51,"column":3}},"line":41},"4":{"name":"(anonymous_4)","decl":{"start":{"line":44,"column":18},"end":{"line":44,"column":19}},"loc":{"start":{"line":44,"column":32},"end":{"line":50,"column":5}},"line":44},"5":{"name":"(anonymous_5)","decl":{"start":{"line":53,"column":18},"end":{"line":53,"column":19}},"loc":{"start":{"line":53,"column":24},"end":{"line":60,"column":3}},"line":53},"6":{"name":"(anonymous_6)","decl":{"start":{"line":56,"column":18},"end":{"line":56,"column":19}},"loc":{"start":{"line":56,"column":32},"end":{"line":59,"column":5}},"line":56},"7":{"name":"(anonymous_7)","decl":{"start":{"line":62,"column":22},"end":{"line":62,"column":23}},"loc":{"start":{"line":62,"column":33},"end":{"line":69,"column":3}},"line":62},"8":{"name":"(anonymous_8)","decl":{"start":{"line":71,"column":20},"end":{"line":71,"column":21}},"loc":{"start":{"line":71,"column":26},"end":{"line":76,"column":3}},"line":71},"9":{"name":"(anonymous_9)","decl":{"start":{"line":78,"column":27},"end":{"line":78,"column":28}},"loc":{"start":{"line":78,"column":33},"end":{"line":82,"column":3}},"line":78},"10":{"name":"(anonymous_10)","decl":{"start":{"line":84,"column":2},"end":{"line":84,"column":3}},"loc":{"start":{"line":84,"column":11},"end":{"line":127,"column":3}},"line":84},"11":{"name":"(anonymous_11)","decl":{"start":{"line":92,"column":27},"end":{"line":92,"column":28}},"loc":{"start":{"line":92,"column":37},"end":{"line":92,"column":59}},"line":92},"12":{"name":"(anonymous_12)","decl":{"start":{"line":102,"column":22},"end":{"line":102,"column":23}},"loc":{"start":{"line":103,"column":12},"end":{"line":103,"column":96}},"line":103},"13":{"name":"(anonymous_13)","decl":{"start":{"line":108,"column":28},"end":{"line":108,"column":29}},"loc":{"start":{"line":108,"column":34},"end":{"line":108,"column":59}},"line":108},"14":{"name":"(anonymous_14)","decl":{"start":{"line":109,"column":46},"end":{"line":109,"column":47}},"loc":{"start":{"line":109,"column":52},"end":{"line":109,"column":77}},"line":109},"15":{"name":"(anonymous_15)","decl":{"start":{"line":115,"column":24},"end":{"line":115,"column":25}},"loc":{"start":{"line":116,"column":14},"end":{"line":121,"column":16}},"line":116},"16":{"name":"(anonymous_16)","decl":{"start":{"line":120,"column":25},"end":{"line":120,"column":26}},"loc":{"start":{"line":120,"column":31},"end":{"line":120,"column":61}},"line":120}},"branchMap":{"0":{"loc":{"start":{"line":45,"column":20},"end":{"line":46,"column":67}},"type":"cond-expr","locations":[{"start":{"line":46,"column":10},"end":{"line":46,"column":38}},{"start":{"line":46,"column":41},"end":{"line":46,"column":67}}],"line":45},"1":{"loc":{"start":{"line":47,"column":22},"end":{"line":49,"column":60}},"type":"cond-expr","locations":[{"start":{"line":48,"column":10},"end":{"line":48,"column":66}},{"start":{"line":49,"column":10},"end":{"line":49,"column":60}}],"line":47},"2":{"loc":{"start":{"line":57,"column":20},"end":{"line":57,"column":74}},"type":"cond-expr","locations":[{"start":{"line":57,"column":44},"end":{"line":57,"column":45}},{"start":{"line":57,"column":48},"end":{"line":57,"column":74}}],"line":57},"3":{"loc":{"start":{"line":58,"column":22},"end":{"line":58,"column":99}},"type":"cond-expr","locations":[{"start":{"line":58,"column":46},"end":{"line":58,"column":47}},{"start":{"line":58,"column":50},"end":{"line":58,"column":99}}],"line":58},"4":{"loc":{"start":{"line":63,"column":27},"end":{"line":63,"column":76}},"type":"cond-expr","locations":[{"start":{"line":63,"column":41},"end":{"line":63,"column":42}},{"start":{"line":63,"column":45},"end":{"line":63,"column":76}}],"line":63},"5":{"loc":{"start":{"line":93,"column":30},"end":{"line":93,"column":78}},"type":"cond-expr","locations":[{"start":{"line":93,"column":52},"end":{"line":93,"column":60}},{"start":{"line":93,"column":63},"end":{"line":93,"column":78}}],"line":93},"6":{"loc":{"start":{"line":95,"column":11},"end":{"line":126,"column":12}},"type":"cond-expr","locations":[{"start":{"line":96,"column":6},"end":{"line":125,"column":12}},{"start":{"line":126,"column":8},"end":{"line":126,"column":12}}],"line":95},"7":{"loc":{"start":{"line":97,"column":29},"end":{"line":97,"column":62}},"type":"cond-expr","locations":[{"start":{"line":97,"column":48},"end":{"line":97,"column":57}},{"start":{"line":97,"column":60},"end":{"line":97,"column":62}}],"line":97},"8":{"loc":{"start":{"line":106,"column":9},"end":{"line":110,"column":21}},"type":"binary-expr","locations":[{"start":{"line":106,"column":9},"end":{"line":106,"column":15}},{"start":{"line":107,"column":10},"end":{"line":110,"column":21}}],"line":106},"9":{"loc":{"start":{"line":113,"column":9},"end":{"line":123,"column":16}},"type":"binary-expr","locations":[{"start":{"line":113,"column":9},"end":{"line":113,"column":14}},{"start":{"line":114,"column":10},"end":{"line":123,"column":16}}],"line":113}},"s":{"0":7,"1":7,"2":7,"3":0,"4":1,"5":1,"6":1,"7":1,"8":1,"9":1,"10":0,"11":0,"12":0,"13":0,"14":0,"15":11,"16":11,"17":11,"18":63,"19":11,"20":11,"21":33,"22":0,"23":0,"24":30,"25":0,"26":1,"27":1,"28":1},"f":{"0":7,"1":7,"2":0,"3":1,"4":1,"5":1,"6":1,"7":0,"8":0,"9":0,"10":11,"11":63,"12":33,"13":0,"14":0,"15":30,"16":0},"b":{"0":[1,0],"1":[1,0],"2":[0,1],"3":[0,1],"4":[0,0],"5":[11,0],"6":[10,1],"7":[0,10],"8":[10,9],"9":[10,9]},"_coverageSchema":"332fd63041d2c1bcb487cc26dd0d5f7d97098a6c","hash":"34b9ebc8fd8511d50f0701f40d7d1616a96c533c"}
,"/Users/itmk1/Documents/react_slider_component/src/config/enzyme.config.js": {"path":"/Users/itmk1/Documents/react_slider_component/src/config/enzyme.config.js","statementMap":{"0":{"start":{"line":4,"column":0},"end":{"line":4,"column":38}}},"fnMap":{},"branchMap":{},"s":{"0":5},"f":{},"b":{},"_coverageSchema":"332fd63041d2c1bcb487cc26dd0d5f7d97098a6c","hash":"f2a25f744e1b41ab23555a6b41c303661bc27686"}
}
