TN:
SF:/Users/itmk1/Documents/react_slider_component/src/components/Arrow.js
FN:7,(anonymous_0)
FNF:1
FNH:1
FNDA:10,(anonymous_0)
DA:7,2
DA:8,10
DA:22,2
DA:24,2
DA:29,2
LF:5
LH:5
BRDA:10,0,0,5
BRDA:10,0,1,5
BRDA:16,1,0,5
BRDA:16,1,1,5
BRF:4
BRH:4
end_of_record
TN:
SF:/Users/itmk1/Documents/react_slider_component/src/components/Icon.js
FN:7,(anonymous_0)
FNF:1
FNH:1
FNDA:11,(anonymous_0)
DA:7,3
DA:8,11
DA:13,3
DA:15,3
LF:4
LH:4
BRF:0
BRH:0
end_of_record
TN:
SF:/Users/itmk1/Documents/react_slider_component/src/components/PagerDot.js
FN:6,(anonymous_0)
FN:14,(anonymous_1)
FNF:2
FNH:2
FNDA:14,(anonymous_0)
FNDA:1,(anonymous_1)
DA:6,2
DA:11,14
DA:14,1
DA:21,2
DA:23,2
LF:5
LH:5
BRDA:13,0,0,5
BRDA:13,0,1,9
BRDA:15,1,0,5
BRDA:15,1,1,9
BRF:4
BRH:4
end_of_record
TN:
SF:/Users/itmk1/Documents/react_slider_component/src/components/Slide.js
FN:6,(anonymous_0)
FNF:1
FNH:1
FNDA:13,(anonymous_0)
DA:6,2
DA:7,13
DA:14,2
DA:16,2
DA:22,2
LF:5
LH:5
BRDA:8,0,0,4
BRDA:8,0,1,9
BRF:2
BRH:2
end_of_record
TN:
SF:/Users/itmk1/Documents/react_slider_component/src/components/Slider.js
FN:10,(anonymous_0)
FN:33,(anonymous_1)
FN:37,(anonymous_2)
FN:41,(anonymous_3)
FN:44,(anonymous_4)
FN:53,(anonymous_5)
FN:56,(anonymous_6)
FN:62,(anonymous_7)
FN:71,(anonymous_8)
FN:78,(anonymous_9)
FN:84,(anonymous_10)
FN:92,(anonymous_11)
FN:102,(anonymous_12)
FN:108,(anonymous_13)
FN:109,(anonymous_14)
FN:115,(anonymous_15)
FN:120,(anonymous_16)
FNF:17
FNH:10
FNDA:7,(anonymous_0)
FNDA:7,(anonymous_1)
FNDA:0,(anonymous_2)
FNDA:1,(anonymous_3)
FNDA:1,(anonymous_4)
FNDA:1,(anonymous_5)
FNDA:1,(anonymous_6)
FNDA:0,(anonymous_7)
FNDA:0,(anonymous_8)
FNDA:0,(anonymous_9)
FNDA:11,(anonymous_10)
FNDA:63,(anonymous_11)
FNDA:33,(anonymous_12)
FNDA:0,(anonymous_13)
FNDA:0,(anonymous_14)
FNDA:30,(anonymous_15)
FNDA:0,(anonymous_16)
DA:11,7
DA:13,7
DA:34,7
DA:38,0
DA:42,1
DA:44,1
DA:54,1
DA:56,1
DA:63,0
DA:65,0
DA:73,0
DA:75,0
DA:79,0
DA:85,11
DA:91,11
DA:92,63
DA:93,11
DA:95,11
DA:103,33
DA:108,0
DA:109,0
DA:116,30
DA:120,0
DA:130,1
DA:132,1
DA:139,1
LF:26
LH:17
BRDA:45,0,0,1
BRDA:45,0,1,0
BRDA:47,1,0,1
BRDA:47,1,1,0
BRDA:57,2,0,0
BRDA:57,2,1,1
BRDA:58,3,0,0
BRDA:58,3,1,1
BRDA:63,4,0,0
BRDA:63,4,1,0
BRDA:93,5,0,11
BRDA:93,5,1,0
BRDA:95,6,0,10
BRDA:95,6,1,1
BRDA:97,7,0,0
BRDA:97,7,1,10
BRDA:106,8,0,10
BRDA:106,8,1,9
BRDA:113,9,0,10
BRDA:113,9,1,9
BRF:20
BRH:12
end_of_record
TN:
SF:/Users/itmk1/Documents/react_slider_component/src/config/enzyme.config.js
FNF:0
FNH:0
DA:4,5
LF:1
LH:1
BRF:0
BRH:0
end_of_record
